2010-11-08_Elena_Vesselinov.html
line 21 column 3 - Warning: <table> lacks "summary" attribute
2010-11-08_Gerasimus_Katsan.html
line 21 column 3 - Warning: <table> lacks "summary" attribute
2010-11-08_Rachel_Stern.html
line 21 column 3 - Warning: <table> lacks "summary" attribute
2010-11-11_Kenneth_Lord.html
line 21 column 3 - Warning: <table> lacks "summary" attribute
2010-11-14_Andrew_DeMasters.html
line 21 column 3 - Warning: <table> lacks "summary" attribute
2010-11-14_Michael_J._Miller.html
line 21 column 3 - Warning: <table> lacks "summary" attribute
2010-11-15_Magnus_O._Bassey.html
line 21 column 3 - Warning: <table> lacks "summary" attribute
2010-11-17_Delacia_Gittens.html
line 21 column 3 - Warning: <table> lacks "summary" attribute
2010-11-17_Joseph_Perna.html
line 21 column 3 - Warning: <table> lacks "summary" attribute
2010-11-17_Jurgen_Sula.html
line 21 column 3 - Warning: <table> lacks "summary" attribute
2010-11-17_Karen_Rechany.html
line 21 column 3 - Warning: <table> lacks "summary" attribute
2010-11-17_Line_Augustin_Saint-Hilaire.html
line 21 column 3 - Warning: <table> lacks "summary" attribute
2010-11-17_Sheril_Koruthu.html
line 21 column 3 - Warning: <table> lacks "summary" attribute
2010-11-18_Alejandra_Villanueva.html
line 21 column 3 - Warning: <table> lacks "summary" attribute
2010-11-18_Charlie_Wohlberg.html
line 21 column 3 - Warning: <table> lacks "summary" attribute
2010-11-18_James_P._Robinson.html
line 21 column 3 - Warning: <table> lacks "summary" attribute
2010-11-18_Janine_Gatti.html
line 21 column 3 - Warning: <table> lacks "summary" attribute
2010-11-18_Sixto_I._Arias.html
line 14 column 1 - Warning: <table> lacks "summary" attribute
2010-11-23_Arnera_Bhawanie.html
line 21 column 3 - Warning: <table> lacks "summary" attribute
2010-11-23_Karran_Jainarain.html
line 21 column 3 - Warning: <table> lacks "summary" attribute
2010-11-23_Melissa_Prusak.html
line 21 column 3 - Warning: <table> lacks "summary" attribute
2010-11-25_Benjamin_Galang.html
line 21 column 3 - Warning: <table> lacks "summary" attribute
2010-11-25_Elnora_Olvina.html
line 21 column 3 - Warning: <table> lacks "summary" attribute
2010-11-25_Zachary_Handler.html
line 21 column 3 - Warning: <table> lacks "summary" attribute
2010-11-28_Anthony_Angulo.html
line 14 column 1 - Warning: <table> lacks "summary" attribute
2010-11-28_Lais_Payano.html
line 14 column 1 - Warning: <table> lacks "summary" attribute
2010-11-29_Diego_Palaguachi.html
line 14 column 1 - Warning: <table> lacks "summary" attribute
2010-12-01_Frank_Warren.html
line 18 column 1 - Warning: <table> lacks "summary" attribute
2010-12-01_Irma_Llorens.html
line 18 column 1 - Warning: <table> lacks "summary" attribute
2010-12-09_David_Richter.html
line 14 column 1 - Warning: <table> lacks "summary" attribute
